{
	"numFailedTestSuites": 1,
	"numFailedTests": 1,
	"numPassedTestSuites": 13,
	"numPassedTests": 573,
	"numPendingTestSuites": 0,
	"numPendingTests": 0,
	"numRuntimeErrorTestSuites": 0,
	"numTodoTests": 0,
	"numTotalTestSuites": 14,
	"numTotalTests": 574,
	"openHandles": [],
	"snapshot": {
		"added": 0,
		"didUpdate": false,
		"failure": false,
		"filesAdded": 0,
		"filesRemoved": 0,
		"filesRemovedList": [],
		"filesUnmatched": 0,
		"filesUpdated": 0,
		"matched": 0,
		"total": 0,
		"unchecked": 0,
		"uncheckedKeysByFile": [],
		"unmatched": 0,
		"updated": 0
	},
	"startTime": 1766280752612,
	"success": false,
	"testResults": [
		{
			"assertionResults": [
				{
					"ancestorTitles": ["svgExport", "exportD3TreeDiagramAsSvg"],
					"duration": 6,
					"failing": false,
					"failureDetails": [],
					"failureMessages": [],
					"fullName": "svgExport exportD3TreeDiagramAsSvg should export D3 tree diagram as SVG",
					"invocations": 1,
					"location": { "column": 3, "line": 132 },
					"numPassingAsserts": 4,
					"retryReasons": [],
					"startAt": 1766280754118,
					"status": "passed",
					"title": "should export D3 tree diagram as SVG"
				},
				{
					"ancestorTitles": ["svgExport", "exportD3TreeDiagramAsSvg"],
					"duration": 2,
					"failing": false,
					"failureDetails": [],
					"failureMessages": [],
					"fullName": "svgExport exportD3TreeDiagramAsSvg should throw error when SVG element is null",
					"invocations": 1,
					"location": { "column": 3, "line": 146 },
					"numPassingAsserts": 1,
					"retryReasons": [],
					"startAt": 1766280754130,
					"status": "passed",
					"title": "should throw error when SVG element is null"
				},
				{
					"ancestorTitles": ["svgExport", "exportD3TreeDiagramAsSvg"],
					"duration": 0,
					"failing": false,
					"failureDetails": [],
					"failureMessages": [],
					"fullName": "svgExport exportD3TreeDiagramAsSvg should throw error when nodes array is empty",
					"invocations": 1,
					"location": { "column": 3, "line": 152 },
					"numPassingAsserts": 1,
					"retryReasons": [],
					"startAt": 1766280754133,
					"status": "passed",
					"title": "should throw error when nodes array is empty"
				},
				{
					"ancestorTitles": ["svgExport", "exportD3TreeDiagramAsSvg"],
					"duration": 0,
					"failing": false,
					"failureDetails": [],
					"failureMessages": [],
					"fullName": "svgExport exportD3TreeDiagramAsSvg should use custom filename when provided",
					"invocations": 1,
					"location": { "column": 3, "line": 160 },
					"numPassingAsserts": 1,
					"retryReasons": [],
					"startAt": 1766280754134,
					"status": "passed",
					"title": "should use custom filename when provided"
				},
				{
					"ancestorTitles": ["svgExport", "exportD3TreeDiagramAsSvg"],
					"duration": 1,
					"failing": false,
					"failureDetails": [
						{
							"matcherResult": {
								"message": "\u001b[2mexpect(\u001b[22m\u001b[31mjest.fn()\u001b[39m\u001b[2m).\u001b[22mtoHaveBeenCalled\u001b[2m()\u001b[22m\n\nExpected number of calls: >= \u001b[32m1\u001b[39m\nReceived number of calls:    \u001b[31m0\u001b[39m",
								"pass": false
							}
						}
					],
					"failureMessages": [
						"Error: \u001b[2mexpect(\u001b[22m\u001b[31mjest.fn()\u001b[39m\u001b[2m).\u001b[22mtoHaveBeenCalled\u001b[2m()\u001b[22m\n\nExpected number of calls: >= \u001b[32m1\u001b[39m\nReceived number of calls:    \u001b[31m0\u001b[39m\n    at Object.<anonymous> (D:\\applications\\sitemap\\src\\__tests__\\svgExport.test.ts:176:45)"
					],
					"fullName": "svgExport exportD3TreeDiagramAsSvg should use custom dimensions when provided",
					"invocations": 1,
					"location": { "column": 3, "line": 169 },
					"numPassingAsserts": 0,
					"retryReasons": [],
					"startAt": 1766280754135,
					"status": "failed",
					"title": "should use custom dimensions when provided"
				},
				{
					"ancestorTitles": ["svgExport", "exportBasicTreeAsSvg"],
					"duration": 1,
					"failing": false,
					"failureDetails": [],
					"failureMessages": [],
					"fullName": "svgExport exportBasicTreeAsSvg should export basic tree as SVG",
					"invocations": 1,
					"location": { "column": 3, "line": 181 },
					"numPassingAsserts": 5,
					"retryReasons": [],
					"startAt": 1766280754137,
					"status": "passed",
					"title": "should export basic tree as SVG"
				},
				{
					"ancestorTitles": ["svgExport", "exportBasicTreeAsSvg"],
					"duration": 1,
					"failing": false,
					"failureDetails": [],
					"failureMessages": [],
					"fullName": "svgExport exportBasicTreeAsSvg should throw error when container element is null",
					"invocations": 1,
					"location": { "column": 3, "line": 201 },
					"numPassingAsserts": 1,
					"retryReasons": [],
					"startAt": 1766280754138,
					"status": "passed",
					"title": "should throw error when container element is null"
				},
				{
					"ancestorTitles": ["svgExport", "exportBasicTreeAsSvg"],
					"duration": 0,
					"failing": false,
					"failureDetails": [],
					"failureMessages": [],
					"fullName": "svgExport exportBasicTreeAsSvg should throw error when nodes array is empty",
					"invocations": 1,
					"location": { "column": 3, "line": 207 },
					"numPassingAsserts": 1,
					"retryReasons": [],
					"startAt": 1766280754139,
					"status": "passed",
					"title": "should throw error when nodes array is empty"
				},
				{
					"ancestorTitles": ["svgExport", "exportBasicTreeAsSvg"],
					"duration": 0,
					"failing": false,
					"failureDetails": [],
					"failureMessages": [],
					"fullName": "svgExport exportBasicTreeAsSvg should use custom background color when provided",
					"invocations": 1,
					"location": { "column": 3, "line": 215 },
					"numPassingAsserts": 1,
					"retryReasons": [],
					"startAt": 1766280754140,
					"status": "passed",
					"title": "should use custom background color when provided"
				},
				{
					"ancestorTitles": ["svgExport", "downloadSvg"],
					"duration": 0,
					"failing": false,
					"failureDetails": [],
					"failureMessages": [],
					"fullName": "svgExport downloadSvg should download SVG as file",
					"invocations": 1,
					"location": { "column": 3, "line": 230 },
					"numPassingAsserts": 3,
					"retryReasons": [],
					"startAt": 1766280754141,
					"status": "passed",
					"title": "should download SVG as file"
				},
				{
					"ancestorTitles": ["svgExport", "copySvgToClipboard"],
					"duration": 0,
					"failing": false,
					"failureDetails": [],
					"failureMessages": [],
					"fullName": "svgExport copySvgToClipboard should copy SVG to clipboard",
					"invocations": 1,
					"location": { "column": 3, "line": 248 },
					"numPassingAsserts": 1,
					"retryReasons": [],
					"startAt": 1766280754142,
					"status": "passed",
					"title": "should copy SVG to clipboard"
				},
				{
					"ancestorTitles": ["svgExport", "copySvgToClipboard"],
					"duration": 1,
					"failing": false,
					"failureDetails": [],
					"failureMessages": [],
					"fullName": "svgExport copySvgToClipboard should fallback to execCommand when clipboard API fails",
					"invocations": 1,
					"location": { "column": 3, "line": 260 },
					"numPassingAsserts": 3,
					"retryReasons": [],
					"startAt": 1766280754142,
					"status": "passed",
					"title": "should fallback to execCommand when clipboard API fails"
				}
			],
			"endTime": 1766280754151,
			"message": "\u001b[1m\u001b[31m  \u001b[1m● \u001b[22m\u001b[1msvgExport › exportD3TreeDiagramAsSvg › should use custom dimensions when provided\u001b[39m\u001b[22m\n\n    \u001b[2mexpect(\u001b[22m\u001b[31mjest.fn()\u001b[39m\u001b[2m).\u001b[22mtoHaveBeenCalled\u001b[2m()\u001b[22m\n\n    Expected number of calls: >= \u001b[32m1\u001b[39m\n    Received number of calls:    \u001b[31m0\u001b[39m\n\u001b[2m\u001b[22m\n\u001b[2m    \u001b[0m \u001b[90m 174 |\u001b[39m\u001b[22m\n\u001b[2m     \u001b[90m 175 |\u001b[39m \t\t\t\u001b[36mconst\u001b[39m mockSerializer \u001b[33m=\u001b[39m \u001b[36mnew\u001b[39m (\u001b[33mXMLSerializer\u001b[39m \u001b[36mas\u001b[39m any)()\u001b[33m;\u001b[39m\u001b[22m\n\u001b[2m    \u001b[31m\u001b[1m>\u001b[22m\u001b[2m\u001b[39m\u001b[90m 176 |\u001b[39m \t\t\texpect(mockSerializer\u001b[33m.\u001b[39mserializeToString)\u001b[33m.\u001b[39mtoHaveBeenCalled()\u001b[33m;\u001b[39m\u001b[22m\n\u001b[2m     \u001b[90m     |\u001b[39m \t\t\t                                         \u001b[31m\u001b[1m^\u001b[22m\u001b[2m\u001b[39m\u001b[22m\n\u001b[2m     \u001b[90m 177 |\u001b[39m \t\t})\u001b[33m;\u001b[39m\u001b[22m\n\u001b[2m     \u001b[90m 178 |\u001b[39m \t})\u001b[33m;\u001b[39m\u001b[22m\n\u001b[2m     \u001b[90m 179 |\u001b[39m\u001b[0m\u001b[22m\n\u001b[2m\u001b[22m\n\u001b[2m      \u001b[2mat Object.<anonymous> (\u001b[22m\u001b[2m\u001b[0m\u001b[36msrc/__tests__/svgExport.test.ts\u001b[39m\u001b[0m\u001b[2m:176:45)\u001b[22m\u001b[2m\u001b[22m\n",
			"name": "D:\\applications\\sitemap\\src\\__tests__\\svgExport.test.ts",
			"startTime": 1766280753056,
			"status": "failed",
			"summary": ""
		},
		{
			"assertionResults": [
				{
					"ancestorTitles": ["D3TreeDiagram", "rendering"],
					"duration": 26,
					"failing": false,
					"failureDetails": [],
					"failureMessages": [],
					"fullName": "D3TreeDiagram rendering should render an SVG element",
					"invocations": 1,
					"location": { "column": 3, "line": 124 },
					"numPassingAsserts": 1,
					"retryReasons": [],
					"startAt": 1766280758484,
					"status": "passed",
					"title": "should render an SVG element"
				},
				{
					"ancestorTitles": ["D3TreeDiagram", "rendering"],
					"duration": 6,
					"failing": false,
					"failureDetails": [],
					"failureMessages": [],
					"fullName": "D3TreeDiagram rendering should render a simple tree structure",
					"invocations": 1,
					"location": { "column": 3, "line": 132 },
					"numPassingAsserts": 1,
					"retryReasons": [],
					"startAt": 1766280758516,
					"status": "passed",
					"title": "should render a simple tree structure"
				},
				{
					"ancestorTitles": ["D3TreeDiagram", "rendering"],
					"duration": 3,
					"failing": false,
					"failureDetails": [],
					"failureMessages": [],
					"fullName": "D3TreeDiagram rendering should render an empty state when nodes array is empty",
					"invocations": 1,
					"location": { "column": 3, "line": 143 },
					"numPassingAsserts": 1,
					"retryReasons": [],
					"startAt": 1766280758523,
					"status": "passed",
					"title": "should render an empty state when nodes array is empty"
				},
				{
					"ancestorTitles": ["D3TreeDiagram", "rendering"],
					"duration": 11,
					"failing": false,
					"failureDetails": [],
					"failureMessages": [],
					"fullName": "D3TreeDiagram rendering should render multiple root nodes",
					"invocations": 1,
					"location": { "column": 3, "line": 149 },
					"numPassingAsserts": 1,
					"retryReasons": [],
					"startAt": 1766280758527,
					"status": "passed",
					"title": "should render multiple root nodes"
				},
				{
					"ancestorTitles": ["D3TreeDiagram", "rendering"],
					"duration": 12,
					"failing": false,
					"failureDetails": [],
					"failureMessages": [],
					"fullName": "D3TreeDiagram rendering should render deeply nested nodes",
					"invocations": 1,
					"location": { "column": 3, "line": 159 },
					"numPassingAsserts": 1,
					"retryReasons": [],
					"startAt": 1766280758539,
					"status": "passed",
					"title": "should render deeply nested nodes"
				},
				{
					"ancestorTitles": ["D3TreeDiagram", "rendering"],
					"duration": 15,
					"failing": false,
					"failureDetails": [],
					"failureMessages": [],
					"fullName": "D3TreeDiagram rendering should render connecting lines between nodes",
					"invocations": 1,
					"location": { "column": 3, "line": 169 },
					"numPassingAsserts": 1,
					"retryReasons": [],
					"startAt": 1766280758552,
					"status": "passed",
					"title": "should render connecting lines between nodes"
				},
				{
					"ancestorTitles": ["D3TreeDiagram", "dimensions and sizing"],
					"duration": 3,
					"failing": false,
					"failureDetails": [],
					"failureMessages": [],
					"fullName": "D3TreeDiagram dimensions and sizing should use default width and height",
					"invocations": 1,
					"location": { "column": 3, "line": 181 },
					"numPassingAsserts": 2,
					"retryReasons": [],
					"startAt": 1766280758567,
					"status": "passed",
					"title": "should use default width and height"
				},
				{
					"ancestorTitles": ["D3TreeDiagram", "dimensions and sizing"],
					"duration": 1,
					"failing": false,
					"failureDetails": [],
					"failureMessages": [],
					"fullName": "D3TreeDiagram dimensions and sizing should apply custom width and height",
					"invocations": 1,
					"location": { "column": 3, "line": 190 },
					"numPassingAsserts": 2,
					"retryReasons": [],
					"startAt": 1766280758571,
					"status": "passed",
					"title": "should apply custom width and height"
				},
				{
					"ancestorTitles": ["D3TreeDiagram", "dimensions and sizing"],
					"duration": 2,
					"failing": false,
					"failureDetails": [],
					"failureMessages": [],
					"fullName": "D3TreeDiagram dimensions and sizing should apply custom className to container",
					"invocations": 1,
					"location": { "column": 3, "line": 201 },
					"numPassingAsserts": 1,
					"retryReasons": [],
					"startAt": 1766280758573,
					"status": "passed",
					"title": "should apply custom className to container"
				},
				{
					"ancestorTitles": ["D3TreeDiagram", "data attributes"],
					"duration": 7,
					"failing": false,
					"failureDetails": [],
					"failureMessages": [],
					"fullName": "D3TreeDiagram data attributes should set data-node-id attribute on each node",
					"invocations": 1,
					"location": { "column": 3, "line": 212 },
					"numPassingAsserts": 4,
					"retryReasons": [],
					"startAt": 1766280758575,
					"status": "passed",
					"title": "should set data-node-id attribute on each node"
				},
				{
					"ancestorTitles": ["D3TreeDiagram", "data attributes"],
					"duration": 15,
					"failing": false,
					"failureDetails": [],
					"failureMessages": [],
					"fullName": "D3TreeDiagram data attributes should set data-depth attribute on each node",
					"invocations": 1,
					"location": { "column": 3, "line": 229 },
					"numPassingAsserts": 3,
					"retryReasons": [],
					"startAt": 1766280758583,
					"status": "passed",
					"title": "should set data-depth attribute on each node"
				},
				{
					"ancestorTitles": ["D3TreeDiagram", "layout options"],
					"duration": 3,
					"failing": false,
					"failureDetails": [],
					"failureMessages": [],
					"fullName": "D3TreeDiagram layout options should render with tree layout by default",
					"invocations": 1,
					"location": { "column": 3, "line": 245 },
					"numPassingAsserts": 1,
					"retryReasons": [],
					"startAt": 1766280758599,
					"status": "passed",
					"title": "should render with tree layout by default"
				},
				{
					"ancestorTitles": ["D3TreeDiagram", "layout options"],
					"duration": 11,
					"failing": false,
					"failureDetails": [],
					"failureMessages": [],
					"fullName": "D3TreeDiagram layout options should render with radial layout",
					"invocations": 1,
					"location": { "column": 3, "line": 255 },
					"numPassingAsserts": 1,
					"retryReasons": [],
					"startAt": 1766280758602,
					"status": "passed",
					"title": "should render with radial layout"
				},
				{
					"ancestorTitles": ["D3TreeDiagram", "layout options"],
					"duration": 18,
					"failing": false,
					"failureDetails": [],
					"failureMessages": [],
					"fullName": "D3TreeDiagram layout options should render with cluster layout",
					"invocations": 1,
					"location": { "column": 3, "line": 267 },
					"numPassingAsserts": 1,
					"retryReasons": [],
					"startAt": 1766280758614,
					"status": "passed",
					"title": "should render with cluster layout"
				},
				{
					"ancestorTitles": ["D3TreeDiagram", "link styles"],
					"duration": 6,
					"failing": false,
					"failureDetails": [],
					"failureMessages": [],
					"fullName": "D3TreeDiagram link styles should render diagonal links by default",
					"invocations": 1,
					"location": { "column": 3, "line": 281 },
					"numPassingAsserts": 2,
					"retryReasons": [],
					"startAt": 1766280758633,
					"status": "passed",
					"title": "should render diagonal links by default"
				},
				{
					"ancestorTitles": ["D3TreeDiagram", "link styles"],
					"duration": 6,
					"failing": false,
					"failureDetails": [],
					"failureMessages": [],
					"fullName": "D3TreeDiagram link styles should render straight links",
					"invocations": 1,
					"location": { "column": 3, "line": 294 },
					"numPassingAsserts": 2,
					"retryReasons": [],
					"startAt": 1766280758640,
					"status": "passed",
					"title": "should render straight links"
				},
				{
					"ancestorTitles": ["D3TreeDiagram", "link styles"],
					"duration": 15,
					"failing": false,
					"failureDetails": [],
					"failureMessages": [],
					"fullName": "D3TreeDiagram link styles should render elbow links",
					"invocations": 1,
					"location": { "column": 3, "line": 309 },
					"numPassingAsserts": 3,
					"retryReasons": [],
					"startAt": 1766280758647,
					"status": "passed",
					"title": "should render elbow links"
				},
				{
					"ancestorTitles": ["D3TreeDiagram", "styling"],
					"duration": 12,
					"failing": false,
					"failureDetails": [],
					"failureMessages": [],
					"fullName": "D3TreeDiagram styling should apply custom link color",
					"invocations": 1,
					"location": { "column": 3, "line": 327 },
					"numPassingAsserts": 1,
					"retryReasons": [],
					"startAt": 1766280758664,
					"status": "passed",
					"title": "should apply custom link color"
				},
				{
					"ancestorTitles": ["D3TreeDiagram", "styling"],
					"duration": 15,
					"failing": false,
					"failureDetails": [],
					"failureMessages": [],
					"fullName": "D3TreeDiagram styling should apply custom node size",
					"invocations": 1,
					"location": { "column": 3, "line": 339 },
					"numPassingAsserts": 2,
					"retryReasons": [],
					"startAt": 1766280758677,
					"status": "passed",
					"title": "should apply custom node size"
				},
				{
					"ancestorTitles": ["D3TreeDiagram", "styling"],
					"duration": 4,
					"failing": false,
					"failureDetails": [],
					"failureMessages": [],
					"fullName": "D3TreeDiagram styling should apply custom text color",
					"invocations": 1,
					"location": { "column": 3, "line": 352 },
					"numPassingAsserts": 2,
					"retryReasons": [],
					"startAt": 1766280758693,
					"status": "passed",
					"title": "should apply custom text color"
				},
				{
					"ancestorTitles": ["D3TreeDiagram", "styling"],
					"duration": 9,
					"failing": false,
					"failureDetails": [],
					"failureMessages": [],
					"fullName": "D3TreeDiagram styling should apply node metadata styling",
					"invocations": 1,
					"location": { "column": 3, "line": 365 },
					"numPassingAsserts": 1,
					"retryReasons": [],
					"startAt": 1766280758698,
					"status": "passed",
					"title": "should apply node metadata styling"
				},
				{
					"ancestorTitles": ["D3TreeDiagram", "interactivity"],
					"duration": 16,
					"failing": false,
					"failureDetails": [],
					"failureMessages": [],
					"fullName": "D3TreeDiagram interactivity should call onNodeClick when a node is clicked",
					"invocations": 1,
					"location": { "column": 3, "line": 377 },
					"numPassingAsserts": 3,
					"retryReasons": [],
					"startAt": 1766280758708,
					"status": "passed",
					"title": "should call onNodeClick when a node is clicked"
				},
				{
					"ancestorTitles": ["D3TreeDiagram", "interactivity"],
					"duration": 15,
					"failing": false,
					"failureDetails": [],
					"failureMessages": [],
					"fullName": "D3TreeDiagram interactivity should call onNodeHover when hovering over a node",
					"invocations": 1,
					"location": { "column": 3, "line": 398 },
					"numPassingAsserts": 3,
					"retryReasons": [],
					"startAt": 1766280758725,
					"status": "passed",
					"title": "should call onNodeHover when hovering over a node"
				},
				{
					"ancestorTitles": ["D3TreeDiagram", "interactivity"],
					"duration": 18,
					"failing": false,
					"failureDetails": [],
					"failureMessages": [],
					"fullName": "D3TreeDiagram interactivity should have pointer cursor when onNodeClick is provided",
					"invocations": 1,
					"location": { "column": 3, "line": 421 },
					"numPassingAsserts": 1,
					"retryReasons": [],
					"startAt": 1766280758741,
					"status": "passed",
					"title": "should have pointer cursor when onNodeClick is provided"
				},
				{
					"ancestorTitles": ["D3TreeDiagram", "interactivity"],
					"duration": 9,
					"failing": false,
					"failureDetails": [],
					"failureMessages": [],
					"fullName": "D3TreeDiagram interactivity should have default cursor when onNodeClick is not provided",
					"invocations": 1,
					"location": { "column": 3, "line": 434 },
					"numPassingAsserts": 1,
					"retryReasons": [],
					"startAt": 1766280758760,
					"status": "passed",
					"title": "should have default cursor when onNodeClick is not provided"
				},
				{
					"ancestorTitles": ["D3TreeDiagram", "custom label rendering"],
					"duration": 15,
					"failing": false,
					"failureDetails": [],
					"failureMessages": [],
					"fullName": "D3TreeDiagram custom label rendering should support custom renderLabel function",
					"invocations": 1,
					"location": { "column": 3, "line": 446 },
					"numPassingAsserts": 2,
					"retryReasons": [],
					"startAt": 1766280758770,
					"status": "passed",
					"title": "should support custom renderLabel function"
				},
				{
					"ancestorTitles": ["D3TreeDiagram", "custom label rendering"],
					"duration": 3,
					"failing": false,
					"failureDetails": [],
					"failureMessages": [],
					"fullName": "D3TreeDiagram custom label rendering should use default label rendering when renderLabel is not provided",
					"invocations": 1,
					"location": { "column": 3, "line": 461 },
					"numPassingAsserts": 2,
					"retryReasons": [],
					"startAt": 1766280758785,
					"status": "passed",
					"title": "should use default label rendering when renderLabel is not provided"
				},
				{
					"ancestorTitles": ["D3TreeDiagram", "accessibility"],
					"duration": 2,
					"failing": false,
					"failureDetails": [],
					"failureMessages": [],
					"fullName": "D3TreeDiagram accessibility should have role=\"img\" on container",
					"invocations": 1,
					"location": { "column": 3, "line": 475 },
					"numPassingAsserts": 1,
					"retryReasons": [],
					"startAt": 1766280758788,
					"status": "passed",
					"title": "should have role=\"img\" on container"
				},
				{
					"ancestorTitles": ["D3TreeDiagram", "accessibility"],
					"duration": 1,
					"failing": false,
					"failureDetails": [],
					"failureMessages": [],
					"fullName": "D3TreeDiagram accessibility should have aria-label on SVG",
					"invocations": 1,
					"location": { "column": 3, "line": 483 },
					"numPassingAsserts": 1,
					"retryReasons": [],
					"startAt": 1766280758791,
					"status": "passed",
					"title": "should have aria-label on SVG"
				},
				{
					"ancestorTitles": ["D3TreeDiagram", "accessibility"],
					"duration": 1,
					"failing": false,
					"failureDetails": [],
					"failureMessages": [],
					"fullName": "D3TreeDiagram accessibility should have title and desc elements for SVG",
					"invocations": 1,
					"location": { "column": 3, "line": 491 },
					"numPassingAsserts": 2,
					"retryReasons": [],
					"startAt": 1766280758793,
					"status": "passed",
					"title": "should have title and desc elements for SVG"
				},
				{
					"ancestorTitles": ["D3TreeDiagram", "accessibility"],
					"duration": 2,
					"failing": false,
					"failureDetails": [],
					"failureMessages": [],
					"fullName": "D3TreeDiagram accessibility should have aria-label for empty tree",
					"invocations": 1,
					"location": { "column": 3, "line": 499 },
					"numPassingAsserts": 1,
					"retryReasons": [],
					"startAt": 1766280758795,
					"status": "passed",
					"title": "should have aria-label for empty tree"
				},
				{
					"ancestorTitles": ["D3TreeDiagram", "zoom functionality"],
					"duration": 19,
					"failing": false,
					"failureDetails": [],
					"failureMessages": [],
					"fullName": "D3TreeDiagram zoom functionality should enable zoom by default",
					"invocations": 1,
					"location": { "column": 3, "line": 507 },
					"numPassingAsserts": 1,
					"retryReasons": [],
					"startAt": 1766280758798,
					"status": "passed",
					"title": "should enable zoom by default"
				},
				{
					"ancestorTitles": ["D3TreeDiagram", "zoom functionality"],
					"duration": 16,
					"failing": false,
					"failureDetails": [],
					"failureMessages": [],
					"fullName": "D3TreeDiagram zoom functionality should disable zoom when enableZoom is false",
					"invocations": 1,
					"location": { "column": 3, "line": 518 },
					"numPassingAsserts": 1,
					"retryReasons": [],
					"startAt": 1766280758818,
					"status": "passed",
					"title": "should disable zoom when enableZoom is false"
				},
				{
					"ancestorTitles": ["D3TreeDiagram", "integration with parser"],
					"duration": 3,
					"failing": false,
					"failureDetails": [],
					"failureMessages": [],
					"fullName": "D3TreeDiagram integration with parser should render tree from parseAndBuildTree output",
					"invocations": 1,
					"location": { "column": 3, "line": 530 },
					"numPassingAsserts": 1,
					"retryReasons": [],
					"startAt": 1766280758835,
					"status": "passed",
					"title": "should render tree from parseAndBuildTree output"
				},
				{
					"ancestorTitles": ["D3TreeDiagram", "integration with parser"],
					"duration": 12,
					"failing": false,
					"failureDetails": [],
					"failureMessages": [],
					"fullName": "D3TreeDiagram integration with parser should handle complex sitemap structures",
					"invocations": 1,
					"location": { "column": 3, "line": 547 },
					"numPassingAsserts": 1,
					"retryReasons": [],
					"startAt": 1766280758839,
					"status": "passed",
					"title": "should handle complex sitemap structures"
				},
				{
					"ancestorTitles": ["D3TreeDiagram", "depth-based styling"],
					"duration": 2,
					"failing": false,
					"failureDetails": [],
					"failureMessages": [],
					"fullName": "D3TreeDiagram depth-based styling should apply blue color for depth 0 (page level)",
					"invocations": 1,
					"location": { "column": 3, "line": 569 },
					"numPassingAsserts": 1,
					"retryReasons": [],
					"startAt": 1766280758853,
					"status": "passed",
					"title": "should apply blue color for depth 0 (page level)"
				},
				{
					"ancestorTitles": ["D3TreeDiagram", "depth-based styling"],
					"duration": 8,
					"failing": false,
					"failureDetails": [],
					"failureMessages": [],
					"fullName": "D3TreeDiagram depth-based styling should apply gray color for depth 1 (section level)",
					"invocations": 1,
					"location": { "column": 3, "line": 579 },
					"numPassingAsserts": 1,
					"retryReasons": [],
					"startAt": 1766280758855,
					"status": "passed",
					"title": "should apply gray color for depth 1 (section level)"
				},
				{
					"ancestorTitles": ["D3TreeDiagram", "depth-based styling"],
					"duration": 16,
					"failing": false,
					"failureDetails": [],
					"failureMessages": [],
					"fullName": "D3TreeDiagram depth-based styling should apply darker gray for depth 2 (component level)",
					"invocations": 1,
					"location": { "column": 3, "line": 596 },
					"numPassingAsserts": 1,
					"retryReasons": [],
					"startAt": 1766280758864,
					"status": "passed",
					"title": "should apply darker gray for depth 2 (component level)"
				},
				{
					"ancestorTitles": ["D3TreeDiagram", "depth-based styling"],
					"duration": 5,
					"failing": false,
					"failureDetails": [],
					"failureMessages": [],
					"fullName": "D3TreeDiagram depth-based styling should apply progressively lighter gray for deeper levels",
					"invocations": 1,
					"location": { "column": 3, "line": 620 },
					"numPassingAsserts": 2,
					"retryReasons": [],
					"startAt": 1766280758881,
					"status": "passed",
					"title": "should apply progressively lighter gray for deeper levels"
				},
				{
					"ancestorTitles": ["D3TreeDiagram", "depth-based styling"],
					"duration": 8,
					"failing": false,
					"failureDetails": [],
					"failureMessages": [],
					"fullName": "D3TreeDiagram depth-based styling should apply larger node size for depth 0",
					"invocations": 1,
					"location": { "column": 3, "line": 635 },
					"numPassingAsserts": 1,
					"retryReasons": [],
					"startAt": 1766280758887,
					"status": "passed",
					"title": "should apply larger node size for depth 0"
				},
				{
					"ancestorTitles": ["D3TreeDiagram", "depth-based styling"],
					"duration": 13,
					"failing": false,
					"failureDetails": [],
					"failureMessages": [],
					"fullName": "D3TreeDiagram depth-based styling should apply progressively smaller node sizes for deeper levels",
					"invocations": 1,
					"location": { "column": 3, "line": 648 },
					"numPassingAsserts": 2,
					"retryReasons": [],
					"startAt": 1766280758897,
					"status": "passed",
					"title": "should apply progressively smaller node sizes for deeper levels"
				},
				{
					"ancestorTitles": ["D3TreeDiagram", "depth-based styling"],
					"duration": 4,
					"failing": false,
					"failureDetails": [],
					"failureMessages": [],
					"fullName": "D3TreeDiagram depth-based styling should apply thicker stroke width for depth 0",
					"invocations": 1,
					"location": { "column": 3, "line": 669 },
					"numPassingAsserts": 1,
					"retryReasons": [],
					"startAt": 1766280758912,
					"status": "passed",
					"title": "should apply thicker stroke width for depth 0"
				},
				{
					"ancestorTitles": ["D3TreeDiagram", "depth-based styling"],
					"duration": 8,
					"failing": false,
					"failureDetails": [],
					"failureMessages": [],
					"fullName": "D3TreeDiagram depth-based styling should apply progressively thinner stroke widths for deeper levels",
					"invocations": 1,
					"location": { "column": 3, "line": 679 },
					"numPassingAsserts": 3,
					"retryReasons": [],
					"startAt": 1766280758917,
					"status": "passed",
					"title": "should apply progressively thinner stroke widths for deeper levels"
				},
				{
					"ancestorTitles": ["D3TreeDiagram", "depth-based styling"],
					"duration": 15,
					"failing": false,
					"failureDetails": [],
					"failureMessages": [],
					"fullName": "D3TreeDiagram depth-based styling should apply depth-based font sizes to text labels",
					"invocations": 1,
					"location": { "column": 3, "line": 694 },
					"numPassingAsserts": 2,
					"retryReasons": [],
					"startAt": 1766280758926,
					"status": "passed",
					"title": "should apply depth-based font sizes to text labels"
				},
				{
					"ancestorTitles": ["D3TreeDiagram", "depth-based styling"],
					"duration": 15,
					"failing": false,
					"failureDetails": [],
					"failureMessages": [],
					"fullName": "D3TreeDiagram depth-based styling should apply depth-based font weights to text labels",
					"invocations": 1,
					"location": { "column": 3, "line": 713 },
					"numPassingAsserts": 3,
					"retryReasons": [],
					"startAt": 1766280758942,
					"status": "passed",
					"title": "should apply depth-based font weights to text labels"
				},
				{
					"ancestorTitles": ["D3TreeDiagram", "depth-based styling"],
					"duration": 13,
					"failing": false,
					"failureDetails": [],
					"failureMessages": [],
					"fullName": "D3TreeDiagram depth-based styling should still respect metadata style overrides",
					"invocations": 1,
					"location": { "column": 3, "line": 728 },
					"numPassingAsserts": 1,
					"retryReasons": [],
					"startAt": 1766280758959,
					"status": "passed",
					"title": "should still respect metadata style overrides"
				},
				{
					"ancestorTitles": ["D3TreeDiagram", "edge cases"],
					"duration": 4,
					"failing": false,
					"failureDetails": [],
					"failureMessages": [],
					"fullName": "D3TreeDiagram edge cases should handle nodes with special characters in labels",
					"invocations": 1,
					"location": { "column": 3, "line": 752 },
					"numPassingAsserts": 3,
					"retryReasons": [],
					"startAt": 1766280758974,
					"status": "passed",
					"title": "should handle nodes with special characters in labels"
				},
				{
					"ancestorTitles": ["D3TreeDiagram", "edge cases"],
					"duration": 9,
					"failing": false,
					"failureDetails": [],
					"failureMessages": [],
					"fullName": "D3TreeDiagram edge cases should handle nodes with empty string labels",
					"invocations": 1,
					"location": { "column": 3, "line": 775 },
					"numPassingAsserts": 1,
					"retryReasons": [],
					"startAt": 1766280758979,
					"status": "passed",
					"title": "should handle nodes with empty string labels"
				},
				{
					"ancestorTitles": ["D3TreeDiagram", "edge cases"],
					"duration": 15,
					"failing": false,
					"failureDetails": [],
					"failureMessages": [],
					"fullName": "D3TreeDiagram edge cases should handle nodes with long labels",
					"invocations": 1,
					"location": { "column": 3, "line": 785 },
					"numPassingAsserts": 1,
					"retryReasons": [],
					"startAt": 1766280758989,
					"status": "passed",
					"title": "should handle nodes with long labels"
				},
				{
					"ancestorTitles": ["D3TreeDiagram", "edge cases"],
					"duration": 14,
					"failing": false,
					"failureDetails": [],
					"failureMessages": [],
					"fullName": "D3TreeDiagram edge cases should handle single node tree",
					"invocations": 1,
					"location": { "column": 3, "line": 796 },
					"numPassingAsserts": 2,
					"retryReasons": [],
					"startAt": 1766280759005,
					"status": "passed",
					"title": "should handle single node tree"
				},
				{
					"ancestorTitles": ["D3TreeDiagram", "edge cases"],
					"duration": 16,
					"failing": false,
					"failureDetails": [],
					"failureMessages": [],
					"fullName": "D3TreeDiagram edge cases should handle wide tree with many siblings",
					"invocations": 1,
					"location": { "column": 3, "line": 809 },
					"numPassingAsserts": 1,
					"retryReasons": [],
					"startAt": 1766280759019,
					"status": "passed",
					"title": "should handle wide tree with many siblings"
				},
				{
					"ancestorTitles": ["D3TreeDiagram", "animation settings"],
					"duration": 16,
					"failing": false,
					"failureDetails": [],
					"failureMessages": [],
					"fullName": "D3TreeDiagram animation settings should accept custom animation duration",
					"invocations": 1,
					"location": { "column": 3, "line": 832 },
					"numPassingAsserts": 1,
					"retryReasons": [],
					"startAt": 1766280759035,
					"status": "passed",
					"title": "should accept custom animation duration"
				},
				{
					"ancestorTitles": ["D3TreeDiagram", "animation settings"],
					"duration": 15,
					"failing": false,
					"failureDetails": [],
					"failureMessages": [],
					"fullName": "D3TreeDiagram animation settings should handle zero animation duration",
					"invocations": 1,
					"location": { "column": 3, "line": 844 },
					"numPassingAsserts": 1,
					"retryReasons": [],
					"startAt": 1766280759052,
					"status": "passed",
					"title": "should handle zero animation duration"
				},
				{
					"ancestorTitles": ["D3TreeDiagram", "margin customization"],
					"duration": 2,
					"failing": false,
					"failureDetails": [],
					"failureMessages": [],
					"fullName": "D3TreeDiagram margin customization should apply custom margins",
					"invocations": 1,
					"location": { "column": 3, "line": 858 },
					"numPassingAsserts": 1,
					"retryReasons": [],
					"startAt": 1766280759068,
					"status": "passed",
					"title": "should apply custom margins"
				}
			],
			"endTime": 1766280759071,
			"message": "",
			"name": "D:\\applications\\sitemap\\src\\__tests__\\D3TreeDiagram.test.tsx",
			"startTime": 1766280754167,
			"status": "passed",
			"summary": ""
		},
		{
			"assertionResults": [
				{
					"ancestorTitles": ["SitemapEditor", "rendering"],
					"duration": 18,
					"failing": false,
					"failureDetails": [],
					"failureMessages": [],
					"fullName": "SitemapEditor rendering should render textarea and preview sections",
					"invocations": 1,
					"location": { "column": 3, "line": 19 },
					"numPassingAsserts": 2,
					"retryReasons": [],
					"startAt": 1766280759685,
					"status": "passed",
					"title": "should render textarea and preview sections"
				},
				{
					"ancestorTitles": ["SitemapEditor", "rendering"],
					"duration": 9,
					"failing": false,
					"failureDetails": [],
					"failureMessages": [],
					"fullName": "SitemapEditor rendering should render with initial value",
					"invocations": 1,
					"location": { "column": 3, "line": 26 },
					"numPassingAsserts": 3,
					"retryReasons": [],
					"startAt": 1766280759708,
					"status": "passed",
					"title": "should render with initial value"
				},
				{
					"ancestorTitles": ["SitemapEditor", "rendering"],
					"duration": 2,
					"failing": false,
					"failureDetails": [],
					"failureMessages": [],
					"fullName": "SitemapEditor rendering should display placeholder text when empty",
					"invocations": 1,
					"location": { "column": 3, "line": 35 },
					"numPassingAsserts": 1,
					"retryReasons": [],
					"startAt": 1766280759718,
					"status": "passed",
					"title": "should display placeholder text when empty"
				},
				{
					"ancestorTitles": ["SitemapEditor", "rendering"],
					"duration": 1,
					"failing": false,
					"failureDetails": [],
					"failureMessages": [],
					"fullName": "SitemapEditor rendering should apply custom className",
					"invocations": 1,
					"location": { "column": 3, "line": 42 },
					"numPassingAsserts": 1,
					"retryReasons": [],
					"startAt": 1766280759721,
					"status": "passed",
					"title": "should apply custom className"
				},
				{
					"ancestorTitles": ["SitemapEditor", "rendering"],
					"duration": 6,
					"failing": false,
					"failureDetails": [],
					"failureMessages": [],
					"fullName": "SitemapEditor rendering should set correct number of rows on textarea",
					"invocations": 1,
					"location": { "column": 3, "line": 48 },
					"numPassingAsserts": 1,
					"retryReasons": [],
					"startAt": 1766280759723,
					"status": "passed",
					"title": "should set correct number of rows on textarea"
				},
				{
					"ancestorTitles": ["SitemapEditor", "real-time preview"],
					"duration": 9,
					"failing": false,
					"failureDetails": [],
					"failureMessages": [],
					"fullName": "SitemapEditor real-time preview should update preview instantly when typing",
					"invocations": 1,
					"location": { "column": 3, "line": 57 },
					"numPassingAsserts": 1,
					"retryReasons": [],
					"startAt": 1766280759730,
					"status": "passed",
					"title": "should update preview instantly when typing"
				},
				{
					"ancestorTitles": ["SitemapEditor", "real-time preview"],
					"duration": 10,
					"failing": false,
					"failureDetails": [],
					"failureMessages": [],
					"fullName": "SitemapEditor real-time preview should parse tree structure and display in preview",
					"invocations": 1,
					"location": { "column": 3, "line": 68 },
					"numPassingAsserts": 3,
					"retryReasons": [],
					"startAt": 1766280759740,
					"status": "passed",
					"title": "should parse tree structure and display in preview"
				},
				{
					"ancestorTitles": ["SitemapEditor", "real-time preview"],
					"duration": 12,
					"failing": false,
					"failureDetails": [],
					"failureMessages": [],
					"fullName": "SitemapEditor real-time preview should update preview on every keystroke",
					"invocations": 1,
					"location": { "column": 3, "line": 84 },
					"numPassingAsserts": 3,
					"retryReasons": [],
					"startAt": 1766280759750,
					"status": "passed",
					"title": "should update preview on every keystroke"
				},
				{
					"ancestorTitles": ["SitemapEditor", "real-time preview"],
					"duration": 2,
					"failing": false,
					"failureDetails": [],
					"failureMessages": [],
					"fullName": "SitemapEditor real-time preview should display empty state message when no nodes",
					"invocations": 1,
					"location": { "column": 3, "line": 100 },
					"numPassingAsserts": 1,
					"retryReasons": [],
					"startAt": 1766280759763,
					"status": "passed",
					"title": "should display empty state message when no nodes"
				},
				{
					"ancestorTitles": ["SitemapEditor", "error display"],
					"duration": 10,
					"failing": false,
					"failureDetails": [],
					"failureMessages": [],
					"fullName": "SitemapEditor error display should display parsing errors when showErrors is true",
					"invocations": 1,
					"location": { "column": 3, "line": 108 },
					"numPassingAsserts": 1,
					"retryReasons": [],
					"startAt": 1766280759765,
					"status": "passed",
					"title": "should display parsing errors when showErrors is true"
				},
				{
					"ancestorTitles": ["SitemapEditor", "error display"],
					"duration": 8,
					"failing": false,
					"failureDetails": [],
					"failureMessages": [],
					"fullName": "SitemapEditor error display should hide errors when showErrors is false",
					"invocations": 1,
					"location": { "column": 3, "line": 122 },
					"numPassingAsserts": 1,
					"retryReasons": [],
					"startAt": 1766280759776,
					"status": "passed",
					"title": "should hide errors when showErrors is false"
				},
				{
					"ancestorTitles": ["SitemapEditor", "error display"],
					"duration": 12,
					"failing": false,
					"failureDetails": [],
					"failureMessages": [],
					"fullName": "SitemapEditor error display should clear errors when input becomes valid",
					"invocations": 1,
					"location": { "column": 3, "line": 134 },
					"numPassingAsserts": 2,
					"retryReasons": [],
					"startAt": 1766280759785,
					"status": "passed",
					"title": "should clear errors when input becomes valid"
				},
				{
					"ancestorTitles": ["SitemapEditor", "statistics display"],
					"duration": 13,
					"failing": false,
					"failureDetails": [],
					"failureMessages": [],
					"fullName": "SitemapEditor statistics display should show stats when showStats is true",
					"invocations": 1,
					"location": { "column": 3, "line": 160 },
					"numPassingAsserts": 4,
					"retryReasons": [],
					"startAt": 1766280759798,
					"status": "passed",
					"title": "should show stats when showStats is true"
				},
				{
					"ancestorTitles": ["SitemapEditor", "statistics display"],
					"duration": 8,
					"failing": false,
					"failureDetails": [],
					"failureMessages": [],
					"fullName": "SitemapEditor statistics display should hide stats when showStats is false",
					"invocations": 1,
					"location": { "column": 3, "line": 173 },
					"numPassingAsserts": 2,
					"retryReasons": [],
					"startAt": 1766280759812,
					"status": "passed",
					"title": "should hide stats when showStats is false"
				},
				{
					"ancestorTitles": ["SitemapEditor", "statistics display"],
					"duration": 18,
					"failing": false,
					"failureDetails": [],
					"failureMessages": [],
					"fullName": "SitemapEditor statistics display should update stats in real-time",
					"invocations": 1,
					"location": { "column": 3, "line": 180 },
					"numPassingAsserts": 2,
					"retryReasons": [],
					"startAt": 1766280759821,
					"status": "passed",
					"title": "should update stats in real-time"
				},
				{
					"ancestorTitles": ["SitemapEditor", "preview visibility"],
					"duration": 6,
					"failing": false,
					"failureDetails": [],
					"failureMessages": [],
					"fullName": "SitemapEditor preview visibility should show preview by default",
					"invocations": 1,
					"location": { "column": 3, "line": 196 },
					"numPassingAsserts": 1,
					"retryReasons": [],
					"startAt": 1766280759840,
					"status": "passed",
					"title": "should show preview by default"
				},
				{
					"ancestorTitles": ["SitemapEditor", "preview visibility"],
					"duration": 75,
					"failing": false,
					"failureDetails": [],
					"failureMessages": [],
					"fullName": "SitemapEditor preview visibility should hide preview when showPreview is false",
					"invocations": 1,
					"location": { "column": 3, "line": 202 },
					"numPassingAsserts": 1,
					"retryReasons": [],
					"startAt": 1766280759847,
					"status": "passed",
					"title": "should hide preview when showPreview is false"
				},
				{
					"ancestorTitles": ["SitemapEditor", "disabled state"],
					"duration": 4,
					"failing": false,
					"failureDetails": [],
					"failureMessages": [],
					"fullName": "SitemapEditor disabled state should disable textarea when disabled prop is true",
					"invocations": 1,
					"location": { "column": 3, "line": 210 },
					"numPassingAsserts": 1,
					"retryReasons": [],
					"startAt": 1766280759923,
					"status": "passed",
					"title": "should disable textarea when disabled prop is true"
				},
				{
					"ancestorTitles": ["SitemapEditor", "disabled state"],
					"duration": 3,
					"failing": false,
					"failureDetails": [],
					"failureMessages": [],
					"fullName": "SitemapEditor disabled state should not be disabled by default",
					"invocations": 1,
					"location": { "column": 3, "line": 217 },
					"numPassingAsserts": 1,
					"retryReasons": [],
					"startAt": 1766280759927,
					"status": "passed",
					"title": "should not be disabled by default"
				},
				{
					"ancestorTitles": ["SitemapEditor", "callbacks"],
					"duration": 24,
					"failing": false,
					"failureDetails": [],
					"failureMessages": [],
					"fullName": "SitemapEditor callbacks should call onTreeChange when tree changes",
					"invocations": 1,
					"location": { "column": 3, "line": 226 },
					"numPassingAsserts": 4,
					"retryReasons": [],
					"startAt": 1766280759930,
					"status": "passed",
					"title": "should call onTreeChange when tree changes"
				},
				{
					"ancestorTitles": ["SitemapEditor", "callbacks"],
					"duration": 14,
					"failing": false,
					"failureDetails": [],
					"failureMessages": [],
					"fullName": "SitemapEditor callbacks should call onErrorsChange when errors change",
					"invocations": 1,
					"location": { "column": 3, "line": 243 },
					"numPassingAsserts": 1,
					"retryReasons": [],
					"startAt": 1766280759955,
					"status": "passed",
					"title": "should call onErrorsChange when errors change"
				},
				{
					"ancestorTitles": ["SitemapEditor", "callbacks"],
					"duration": 6,
					"failing": false,
					"failureDetails": [],
					"failureMessages": [],
					"fullName": "SitemapEditor callbacks should call onInputChange when input changes",
					"invocations": 1,
					"location": { "column": 3, "line": 255 },
					"numPassingAsserts": 1,
					"retryReasons": [],
					"startAt": 1766280759970,
					"status": "passed",
					"title": "should call onInputChange when input changes"
				},
				{
					"ancestorTitles": ["SitemapEditor", "tree props"],
					"duration": 6,
					"failing": false,
					"failureDetails": [],
					"failureMessages": [],
					"fullName": "SitemapEditor tree props should pass treeProps to BasicTree",
					"invocations": 1,
					"location": { "column": 3, "line": 267 },
					"numPassingAsserts": 1,
					"retryReasons": [],
					"startAt": 1766280759977,
					"status": "passed",
					"title": "should pass treeProps to BasicTree"
				},
				{
					"ancestorTitles": ["SitemapEditor", "tree props"],
					"duration": 9,
					"failing": false,
					"failureDetails": [],
					"failureMessages": [],
					"fullName": "SitemapEditor tree props should apply custom indentSize from treeProps",
					"invocations": 1,
					"location": { "column": 3, "line": 279 },
					"numPassingAsserts": 1,
					"retryReasons": [],
					"startAt": 1766280759984,
					"status": "passed",
					"title": "should apply custom indentSize from treeProps"
				},
				{
					"ancestorTitles": ["SitemapEditor", "custom renderers"],
					"duration": 6,
					"failing": false,
					"failureDetails": [],
					"failureMessages": [],
					"fullName": "SitemapEditor custom renderers should use custom renderErrors function",
					"invocations": 1,
					"location": { "column": 3, "line": 293 },
					"numPassingAsserts": 1,
					"retryReasons": [],
					"startAt": 1766280759994,
					"status": "passed",
					"title": "should use custom renderErrors function"
				},
				{
					"ancestorTitles": ["SitemapEditor", "custom renderers"],
					"duration": 9,
					"failing": false,
					"failureDetails": [],
					"failureMessages": [],
					"fullName": "SitemapEditor custom renderers should use custom renderStats function",
					"invocations": 1,
					"location": { "column": 3, "line": 311 },
					"numPassingAsserts": 2,
					"retryReasons": [],
					"startAt": 1766280760001,
					"status": "passed",
					"title": "should use custom renderStats function"
				},
				{
					"ancestorTitles": ["SitemapEditor", "accessibility"],
					"duration": 2,
					"failing": false,
					"failureDetails": [],
					"failureMessages": [],
					"fullName": "SitemapEditor accessibility should have proper aria-label on textarea",
					"invocations": 1,
					"location": { "column": 3, "line": 329 },
					"numPassingAsserts": 1,
					"retryReasons": [],
					"startAt": 1766280760011,
					"status": "passed",
					"title": "should have proper aria-label on textarea"
				},
				{
					"ancestorTitles": ["SitemapEditor", "accessibility"],
					"duration": 2,
					"failing": false,
					"failureDetails": [],
					"failureMessages": [],
					"fullName": "SitemapEditor accessibility should have proper aria-label on preview",
					"invocations": 1,
					"location": { "column": 3, "line": 335 },
					"numPassingAsserts": 1,
					"retryReasons": [],
					"startAt": 1766280760014,
					"status": "passed",
					"title": "should have proper aria-label on preview"
				},
				{
					"ancestorTitles": ["SitemapEditor", "accessibility"],
					"duration": 5,
					"failing": false,
					"failureDetails": [],
					"failureMessages": [],
					"fullName": "SitemapEditor accessibility should set aria-invalid when there are errors",
					"invocations": 1,
					"location": { "column": 3, "line": 341 },
					"numPassingAsserts": 1,
					"retryReasons": [],
					"startAt": 1766280760017,
					"status": "passed",
					"title": "should set aria-invalid when there are errors"
				},
				{
					"ancestorTitles": ["SitemapEditor", "accessibility"],
					"duration": 3,
					"failing": false,
					"failureDetails": [],
					"failureMessages": [],
					"fullName": "SitemapEditor accessibility should set aria-invalid to false when valid",
					"invocations": 1,
					"location": { "column": 3, "line": 350 },
					"numPassingAsserts": 1,
					"retryReasons": [],
					"startAt": 1766280760023,
					"status": "passed",
					"title": "should set aria-invalid to false when valid"
				},
				{
					"ancestorTitles": ["SitemapEditor", "accessibility"],
					"duration": 2,
					"failing": false,
					"failureDetails": [],
					"failureMessages": [],
					"fullName": "SitemapEditor accessibility should disable spellcheck on textarea",
					"invocations": 1,
					"location": { "column": 3, "line": 357 },
					"numPassingAsserts": 1,
					"retryReasons": [],
					"startAt": 1766280760027,
					"status": "passed",
					"title": "should disable spellcheck on textarea"
				},
				{
					"ancestorTitles": ["SitemapEditor", "parser options"],
					"duration": 6,
					"failing": false,
					"failureDetails": [],
					"failureMessages": [],
					"fullName": "SitemapEditor parser options should pass parser options to the hook",
					"invocations": 1,
					"location": { "column": 3, "line": 366 },
					"numPassingAsserts": 2,
					"retryReasons": [],
					"startAt": 1766280760029,
					"status": "passed",
					"title": "should pass parser options to the hook"
				},
				{
					"ancestorTitles": ["SitemapEditor", "complex interactions"],
					"duration": 31,
					"failing": false,
					"failureDetails": [],
					"failureMessages": [],
					"fullName": "SitemapEditor complex interactions should handle rapid typing",
					"invocations": 1,
					"location": { "column": 3, "line": 382 },
					"numPassingAsserts": 2,
					"retryReasons": [],
					"startAt": 1766280760035,
					"status": "passed",
					"title": "should handle rapid typing"
				},
				{
					"ancestorTitles": ["SitemapEditor", "complex interactions"],
					"duration": 15,
					"failing": false,
					"failureDetails": [],
					"failureMessages": [],
					"fullName": "SitemapEditor complex interactions should handle clearing and re-entering text",
					"invocations": 1,
					"location": { "column": 3, "line": 407 },
					"numPassingAsserts": 2,
					"retryReasons": [],
					"startAt": 1766280760067,
					"status": "passed",
					"title": "should handle clearing and re-entering text"
				},
				{
					"ancestorTitles": ["SitemapEditor", "complex interactions"],
					"duration": 14,
					"failing": false,
					"failureDetails": [],
					"failureMessages": [],
					"fullName": "SitemapEditor complex interactions should handle complex sitemap structures",
					"invocations": 1,
					"location": { "column": 3, "line": 422 },
					"numPassingAsserts": 5,
					"retryReasons": [],
					"startAt": 1766280760083,
					"status": "passed",
					"title": "should handle complex sitemap structures"
				},
				{
					"ancestorTitles": ["SitemapEditor", "labels"],
					"duration": 3,
					"failing": false,
					"failureDetails": [],
					"failureMessages": [],
					"fullName": "SitemapEditor labels should display custom textarea label",
					"invocations": 1,
					"location": { "column": 3, "line": 453 },
					"numPassingAsserts": 1,
					"retryReasons": [],
					"startAt": 1766280760098,
					"status": "passed",
					"title": "should display custom textarea label"
				},
				{
					"ancestorTitles": ["SitemapEditor", "labels"],
					"duration": 3,
					"failing": false,
					"failureDetails": [],
					"failureMessages": [],
					"fullName": "SitemapEditor labels should display custom preview label",
					"invocations": 1,
					"location": { "column": 3, "line": 459 },
					"numPassingAsserts": 1,
					"retryReasons": [],
					"startAt": 1766280760102,
					"status": "passed",
					"title": "should display custom preview label"
				}
			],
			"endTime": 1766280760106,
			"message": "",
			"name": "D:\\applications\\sitemap\\src\\__tests__\\SitemapEditor.test.tsx",
			"startTime": 1766280759087,
			"status": "passed",
			"summary": ""
		},
		{
			"assertionResults": [
				{
					"ancestorTitles": ["SelectableTree", "breadcrumbs"],
					"duration": 10,
					"failing": false,
					"failureDetails": [],
					"failureMessages": [],
					"fullName": "SelectableTree breadcrumbs should render all nodes in the tree",
					"invocations": 1,
					"location": { "column": 3, "line": 87 },
					"numPassingAsserts": 3,
					"retryReasons": [],
					"startAt": 1766280760474,
					"status": "passed",
					"title": "should render all nodes in the tree"
				},
				{
					"ancestorTitles": ["SelectableTree", "breadcrumbs"],
					"duration": 1,
					"failing": false,
					"failureDetails": [],
					"failureMessages": [],
					"fullName": "SelectableTree breadcrumbs should render empty state when nodes array is empty",
					"invocations": 1,
					"location": { "column": 3, "line": 96 },
					"numPassingAsserts": 1,
					"retryReasons": [],
					"startAt": 1766280760493,
					"status": "passed",
					"title": "should render empty state when nodes array is empty"
				},
				{
					"ancestorTitles": ["SelectableTree", "breadcrumbs"],
					"duration": 3,
					"failing": false,
					"failureDetails": [],
					"failureMessages": [],
					"fullName": "SelectableTree breadcrumbs should render multiple root nodes",
					"invocations": 1,
					"location": { "column": 3, "line": 102 },
					"numPassingAsserts": 2,
					"retryReasons": [],
					"startAt": 1766280760494,
					"status": "passed",
					"title": "should render multiple root nodes"
				},
				{
					"ancestorTitles": ["SelectableTree", "breadcrumbs"],
					"duration": 5,
					"failing": false,
					"failureDetails": [],
					"failureMessages": [],
					"fullName": "SelectableTree breadcrumbs should show selection hint when no nodes are selected",
					"invocations": 1,
					"location": { "column": 3, "line": 110 },
					"numPassingAsserts": 1,
					"retryReasons": [],
					"startAt": 1766280760498,
					"status": "passed",
					"title": "should show selection hint when no nodes are selected"
				},
				{
					"ancestorTitles": ["SelectableTree", "breadcrumbs"],
					"duration": 4,
					"failing": false,
					"failureDetails": [],
					"failureMessages": [],
					"fullName": "SelectableTree breadcrumbs should hide selection info when showSelectionInfo is false",
					"invocations": 1,
					"location": { "column": 3, "line": 117 },
					"numPassingAsserts": 1,
					"retryReasons": [],
					"startAt": 1766280760504,
					"status": "passed",
					"title": "should hide selection info when showSelectionInfo is false"
				},
				{
					"ancestorTitles": ["SelectableTree", "single click selection"],
					"duration": 8,
					"failing": false,
					"failureDetails": [],
					"failureMessages": [],
					"fullName": "SelectableTree single click selection should select a node when clicked",
					"invocations": 1,
					"location": { "column": 3, "line": 126 },
					"numPassingAsserts": 3,
					"retryReasons": [],
					"startAt": 1766280760509,
					"status": "passed",
					"title": "should select a node when clicked"
				},
				{
					"ancestorTitles": ["SelectableTree", "single click selection"],
					"duration": 4,
					"failing": false,
					"failureDetails": [],
					"failureMessages": [],
					"fullName": "SelectableTree single click selection should display selection info when a node is selected",
					"invocations": 1,
					"location": { "column": 3, "line": 140 },
					"numPassingAsserts": 2,
					"retryReasons": [],
					"startAt": 1766280760518,
					"status": "passed",
					"title": "should display selection info when a node is selected"
				},
				{
					"ancestorTitles": ["SelectableTree", "single click selection"],
					"duration": 5,
					"failing": false,
					"failureDetails": [],
					"failureMessages": [],
					"fullName": "SelectableTree single click selection should replace selection when clicking a different node without modifier key",
					"invocations": 1,
					"location": { "column": 3, "line": 153 },
					"numPassingAsserts": 3,
					"retryReasons": [],
					"startAt": 1766280760523,
					"status": "passed",
					"title": "should replace selection when clicking a different node without modifier key"
				},
				{
					"ancestorTitles": ["SelectableTree", "single click selection"],
					"duration": 6,
					"failing": false,
					"failureDetails": [],
					"failureMessages": [],
					"fullName": "SelectableTree single click selection should deselect when clicking on an already selected node",
					"invocations": 1,
					"location": { "column": 3, "line": 171 },
					"numPassingAsserts": 1,
					"retryReasons": [],
					"startAt": 1766280760529,
					"status": "passed",
					"title": "should deselect when clicking on an already selected node"
				},
				{
					"ancestorTitles": ["SelectableTree", "single click selection"],
					"duration": 5,
					"failing": false,
					"failureDetails": [],
					"failureMessages": [],
					"fullName": "SelectableTree single click selection should not deselect when allowDeselect is false",
					"invocations": 1,
					"location": { "column": 3, "line": 190 },
					"numPassingAsserts": 1,
					"retryReasons": [],
					"startAt": 1766280760536,
					"status": "passed",
					"title": "should not deselect when allowDeselect is false"
				},
				{
					"ancestorTitles": ["SelectableTree", "multi-select with Ctrl/Cmd-click"],
					"duration": 6,
					"failing": false,
					"failureDetails": [],
					"failureMessages": [],
					"fullName": "SelectableTree multi-select with Ctrl/Cmd-click should add to selection when Ctrl-clicking a node",
					"invocations": 1,
					"location": { "column": 3, "line": 216 },
					"numPassingAsserts": 3,
					"retryReasons": [],
					"startAt": 1766280760541,
					"status": "passed",
					"title": "should add to selection when Ctrl-clicking a node"
				},
				{
					"ancestorTitles": ["SelectableTree", "multi-select with Ctrl/Cmd-click"],
					"duration": 8,
					"failing": false,
					"failureDetails": [],
					"failureMessages": [],
					"fullName": "SelectableTree multi-select with Ctrl/Cmd-click should add to selection when Cmd-clicking a node (Mac)",
					"invocations": 1,
					"location": { "column": 3, "line": 234 },
					"numPassingAsserts": 3,
					"retryReasons": [],
					"startAt": 1766280760547,
					"status": "passed",
					"title": "should add to selection when Cmd-clicking a node (Mac)"
				},
				{
					"ancestorTitles": ["SelectableTree", "multi-select with Ctrl/Cmd-click"],
					"duration": 5,
					"failing": false,
					"failureDetails": [],
					"failureMessages": [],
					"fullName": "SelectableTree multi-select with Ctrl/Cmd-click should toggle selection when Ctrl-clicking a selected node",
					"invocations": 1,
					"location": { "column": 3, "line": 252 },
					"numPassingAsserts": 2,
					"retryReasons": [],
					"startAt": 1766280760556,
					"status": "passed",
					"title": "should toggle selection when Ctrl-clicking a selected node"
				},
				{
					"ancestorTitles": ["SelectableTree", "multi-select with Ctrl/Cmd-click"],
					"duration": 12,
					"failing": false,
					"failureDetails": [],
					"failureMessages": [],
					"fullName": "SelectableTree multi-select with Ctrl/Cmd-click should display correct count for multiple selections",
					"invocations": 1,
					"location": { "column": 3, "line": 272 },
					"numPassingAsserts": 1,
					"retryReasons": [],
					"startAt": 1766280760562,
					"status": "passed",
					"title": "should display correct count for multiple selections"
				},
				{
					"ancestorTitles": ["SelectableTree", "initial selection"],
					"duration": 3,
					"failing": false,
					"failureDetails": [],
					"failureMessages": [],
					"fullName": "SelectableTree initial selection should start with initial selected IDs",
					"invocations": 1,
					"location": { "column": 3, "line": 287 },
					"numPassingAsserts": 1,
					"retryReasons": [],
					"startAt": 1766280760574,
					"status": "passed",
					"title": "should start with initial selected IDs"
				},
				{
					"ancestorTitles": ["SelectableTree", "maxSelections prop"],
					"duration": 5,
					"failing": false,
					"failureDetails": [],
					"failureMessages": [],
					"fullName": "SelectableTree maxSelections prop should not allow selecting more than maxSelections nodes",
					"invocations": 1,
					"location": { "column": 3, "line": 298 },
					"numPassingAsserts": 2,
					"retryReasons": [],
					"startAt": 1766280760577,
					"status": "passed",
					"title": "should not allow selecting more than maxSelections nodes"
				},
				{
					"ancestorTitles": ["SelectableTree", "clear selection"],
					"duration": 14,
					"failing": false,
					"failureDetails": [],
					"failureMessages": [],
					"fullName": "SelectableTree clear selection should clear all selections when clear button is clicked",
					"invocations": 1,
					"location": { "column": 3, "line": 324 },
					"numPassingAsserts": 1,
					"retryReasons": [],
					"startAt": 1766280760582,
					"status": "passed",
					"title": "should clear all selections when clear button is clicked"
				},
				{
					"ancestorTitles": ["SelectableTree", "onNodeClick callback"],
					"duration": 4,
					"failing": false,
					"failureDetails": [],
					"failureMessages": [],
					"fullName": "SelectableTree onNodeClick callback should call onNodeClick with node and event info",
					"invocations": 1,
					"location": { "column": 3, "line": 342 },
					"numPassingAsserts": 1,
					"retryReasons": [],
					"startAt": 1766280760596,
					"status": "passed",
					"title": "should call onNodeClick with node and event info"
				},
				{
					"ancestorTitles": ["SelectableTree", "visual selection state"],
					"duration": 4,
					"failing": false,
					"failureDetails": [],
					"failureMessages": [],
					"fullName": "SelectableTree visual selection state should add data-selected attribute to selected nodes",
					"invocations": 1,
					"location": { "column": 3, "line": 360 },
					"numPassingAsserts": 2,
					"retryReasons": [],
					"startAt": 1766280760601,
					"status": "passed",
					"title": "should add data-selected attribute to selected nodes"
				},
				{
					"ancestorTitles": ["SelectableTree", "visual selection state"],
					"duration": 4,
					"failing": false,
					"failureDetails": [],
					"failureMessages": [],
					"fullName": "SelectableTree visual selection state should add selected class to selected node labels",
					"invocations": 1,
					"location": { "column": 3, "line": 371 },
					"numPassingAsserts": 1,
					"retryReasons": [],
					"startAt": 1766280760605,
					"status": "passed",
					"title": "should add selected class to selected node labels"
				},
				{
					"ancestorTitles": ["SelectableTree", "accessibility"],
					"duration": 2,
					"failing": false,
					"failureDetails": [],
					"failureMessages": [],
					"fullName": "SelectableTree accessibility should have role=\"tree\" on the container",
					"invocations": 1,
					"location": { "column": 3, "line": 383 },
					"numPassingAsserts": 1,
					"retryReasons": [],
					"startAt": 1766280760610,
					"status": "passed",
					"title": "should have role=\"tree\" on the container"
				},
				{
					"ancestorTitles": ["SelectableTree", "accessibility"],
					"duration": 2,
					"failing": false,
					"failureDetails": [],
					"failureMessages": [],
					"fullName": "SelectableTree accessibility should have aria-multiselectable on the tree",
					"invocations": 1,
					"location": { "column": 3, "line": 390 },
					"numPassingAsserts": 1,
					"retryReasons": [],
					"startAt": 1766280760613,
					"status": "passed",
					"title": "should have aria-multiselectable on the tree"
				},
				{
					"ancestorTitles": ["SelectableTree", "accessibility"],
					"duration": 4,
					"failing": false,
					"failureDetails": [],
					"failureMessages": [],
					"fullName": "SelectableTree accessibility should have aria-selected on selected nodes",
					"invocations": 1,
					"location": { "column": 3, "line": 397 },
					"numPassingAsserts": 1,
					"retryReasons": [],
					"startAt": 1766280760616,
					"status": "passed",
					"title": "should have aria-selected on selected nodes"
				},
				{
					"ancestorTitles": ["SelectableTree", "accessibility"],
					"duration": 5,
					"failing": false,
					"failureDetails": [],
					"failureMessages": [],
					"fullName": "SelectableTree accessibility should have role=\"button\" on clickable nodes",
					"invocations": 1,
					"location": { "column": 3, "line": 407 },
					"numPassingAsserts": 1,
					"retryReasons": [],
					"startAt": 1766280760621,
					"status": "passed",
					"title": "should have role=\"button\" on clickable nodes"
				},
				{
					"ancestorTitles": ["SelectableTree", "accessibility"],
					"duration": 6,
					"failing": false,
					"failureDetails": [],
					"failureMessages": [],
					"fullName": "SelectableTree accessibility should have role=\"status\" on selection info",
					"invocations": 1,
					"location": { "column": 3, "line": 415 },
					"numPassingAsserts": 1,
					"retryReasons": [],
					"startAt": 1766280760627,
					"status": "passed",
					"title": "should have role=\"status\" on selection info"
				},
				{
					"ancestorTitles": ["SelectableTree", "keyboard navigation"],
					"duration": 5,
					"failing": false,
					"failureDetails": [],
					"failureMessages": [],
					"fullName": "SelectableTree keyboard navigation should select node on Enter key",
					"invocations": 1,
					"location": { "column": 3, "line": 426 },
					"numPassingAsserts": 1,
					"retryReasons": [],
					"startAt": 1766280760633,
					"status": "passed",
					"title": "should select node on Enter key"
				},
				{
					"ancestorTitles": ["SelectableTree", "keyboard navigation"],
					"duration": 3,
					"failing": false,
					"failureDetails": [],
					"failureMessages": [],
					"fullName": "SelectableTree keyboard navigation should select node on Space key",
					"invocations": 1,
					"location": { "column": 3, "line": 441 },
					"numPassingAsserts": 1,
					"retryReasons": [],
					"startAt": 1766280760639,
					"status": "passed",
					"title": "should select node on Space key"
				},
				{
					"ancestorTitles": ["SelectableTree", "keyboard navigation"],
					"duration": 5,
					"failing": false,
					"failureDetails": [],
					"failureMessages": [],
					"fullName": "SelectableTree keyboard navigation should multi-select with Ctrl+Enter",
					"invocations": 1,
					"location": { "column": 3, "line": 456 },
					"numPassingAsserts": 1,
					"retryReasons": [],
					"startAt": 1766280760643,
					"status": "passed",
					"title": "should multi-select with Ctrl+Enter"
				},
				{
					"ancestorTitles": ["SelectableTree", "custom rendering"],
					"duration": 4,
					"failing": false,
					"failureDetails": [],
					"failureMessages": [],
					"fullName": "SelectableTree custom rendering should support custom renderLabel function",
					"invocations": 1,
					"location": { "column": 3, "line": 482 },
					"numPassingAsserts": 2,
					"retryReasons": [],
					"startAt": 1766280760649,
					"status": "passed",
					"title": "should support custom renderLabel function"
				},
				{
					"ancestorTitles": ["SelectableTree", "styling"],
					"duration": 3,
					"failing": false,
					"failureDetails": [],
					"failureMessages": [],
					"fullName": "SelectableTree styling should apply custom className to container",
					"invocations": 1,
					"location": { "column": 3, "line": 506 },
					"numPassingAsserts": 1,
					"retryReasons": [],
					"startAt": 1766280760654,
					"status": "passed",
					"title": "should apply custom className to container"
				},
				{
					"ancestorTitles": ["SelectableTree", "styling"],
					"duration": 2,
					"failing": false,
					"failureDetails": [],
					"failureMessages": [],
					"fullName": "SelectableTree styling should apply custom indentSize",
					"invocations": 1,
					"location": { "column": 3, "line": 515 },
					"numPassingAsserts": 1,
					"retryReasons": [],
					"startAt": 1766280760657,
					"status": "passed",
					"title": "should apply custom indentSize"
				},
				{
					"ancestorTitles": ["SelectableTree", "styling"],
					"duration": 2,
					"failing": false,
					"failureDetails": [],
					"failureMessages": [],
					"fullName": "SelectableTree styling should apply theme overrides for depth colors and spacing",
					"invocations": 1,
					"location": { "column": 3, "line": 526 },
					"numPassingAsserts": 5,
					"retryReasons": [],
					"startAt": 1766280760660,
					"status": "passed",
					"title": "should apply theme overrides for depth colors and spacing"
				},
				{
					"ancestorTitles": ["SelectableTree", "styling"],
					"duration": 3,
					"failing": false,
					"failureDetails": [],
					"failureMessages": [],
					"fullName": "SelectableTree styling should apply theme selection styles when nodes are selected",
					"invocations": 1,
					"location": { "column": 3, "line": 559 },
					"numPassingAsserts": 4,
					"retryReasons": [],
					"startAt": 1766280760662,
					"status": "passed",
					"title": "should apply theme selection styles when nodes are selected"
				},
				{
					"ancestorTitles": ["SelectableTree", "bulk actions"],
					"duration": 4,
					"failing": false,
					"failureDetails": [],
					"failureMessages": [],
					"fullName": "SelectableTree bulk actions should call onBulkDelete with selected nodes after confirmation",
					"invocations": 1,
					"location": { "column": 3, "line": 593 },
					"numPassingAsserts": 2,
					"retryReasons": [],
					"startAt": 1766280760665,
					"status": "passed",
					"title": "should call onBulkDelete with selected nodes after confirmation"
				},
				{
					"ancestorTitles": ["SelectableTree", "bulk actions"],
					"duration": 4,
					"failing": false,
					"failureDetails": [],
					"failureMessages": [],
					"fullName": "SelectableTree bulk actions should prompt for color, confirm, and call onBulkChangeColor",
					"invocations": 1,
					"location": { "column": 3, "line": 614 },
					"numPassingAsserts": 3,
					"retryReasons": [],
					"startAt": 1766280760669,
					"status": "passed",
					"title": "should prompt for color, confirm, and call onBulkChangeColor"
				},
				{
					"ancestorTitles": ["SelectableTree", "bulk actions"],
					"duration": 3,
					"failing": false,
					"failureDetails": [],
					"failureMessages": [],
					"fullName": "SelectableTree bulk actions should prompt for tag and call onBulkAddTag",
					"invocations": 1,
					"location": { "column": 3, "line": 638 },
					"numPassingAsserts": 2,
					"retryReasons": [],
					"startAt": 1766280760673,
					"status": "passed",
					"title": "should prompt for tag and call onBulkAddTag"
				},
				{
					"ancestorTitles": ["SelectableTree", "bulk actions"],
					"duration": 9,
					"failing": false,
					"failureDetails": [],
					"failureMessages": [],
					"fullName": "SelectableTree bulk actions should parse JSON properties and call onBulkModifyProperties",
					"invocations": 1,
					"location": { "column": 3, "line": 660 },
					"numPassingAsserts": 2,
					"retryReasons": [],
					"startAt": 1766280760676,
					"status": "passed",
					"title": "should parse JSON properties and call onBulkModifyProperties"
				},
				{
					"ancestorTitles": ["SelectableTree", "bulk actions"],
					"duration": 3,
					"failing": false,
					"failureDetails": [],
					"failureMessages": [],
					"fullName": "SelectableTree bulk actions should disable bulk buttons when there is no selection",
					"invocations": 1,
					"location": { "column": 3, "line": 682 },
					"numPassingAsserts": 4,
					"retryReasons": [],
					"startAt": 1766280760685,
					"status": "passed",
					"title": "should disable bulk buttons when there is no selection"
				},
				{
					"ancestorTitles": ["SelectableTree", "deeply nested nodes"],
					"duration": 4,
					"failing": false,
					"failureDetails": [],
					"failureMessages": [],
					"fullName": "SelectableTree deeply nested nodes should select deeply nested nodes",
					"invocations": 1,
					"location": { "column": 3, "line": 694 },
					"numPassingAsserts": 1,
					"retryReasons": [],
					"startAt": 1766280760689,
					"status": "passed",
					"title": "should select deeply nested nodes"
				},
				{
					"ancestorTitles": ["SelectionInfo"],
					"duration": 1,
					"failing": false,
					"failureDetails": [],
					"failureMessages": [],
					"fullName": "SelectionInfo should display singular form for 1 node",
					"invocations": 1,
					"location": { "column": 2, "line": 713 },
					"numPassingAsserts": 1,
					"retryReasons": [],
					"startAt": 1766280760693,
					"status": "passed",
					"title": "should display singular form for 1 node"
				},
				{
					"ancestorTitles": ["SelectionInfo"],
					"duration": 1,
					"failing": false,
					"failureDetails": [],
					"failureMessages": [],
					"fullName": "SelectionInfo should display plural form for multiple nodes",
					"invocations": 1,
					"location": { "column": 2, "line": 722 },
					"numPassingAsserts": 1,
					"retryReasons": [],
					"startAt": 1766280760694,
					"status": "passed",
					"title": "should display plural form for multiple nodes"
				},
				{
					"ancestorTitles": ["SelectionInfo"],
					"duration": 1,
					"failing": false,
					"failureDetails": [],
					"failureMessages": [],
					"fullName": "SelectionInfo should display first 3 labels and count for more",
					"invocations": 1,
					"location": { "column": 2, "line": 734 },
					"numPassingAsserts": 3,
					"retryReasons": [],
					"startAt": 1766280760696,
					"status": "passed",
					"title": "should display first 3 labels and count for more"
				},
				{
					"ancestorTitles": ["SelectionInfo"],
					"duration": 2,
					"failing": false,
					"failureDetails": [],
					"failureMessages": [],
					"fullName": "SelectionInfo should call onClearSelection when clear button is clicked",
					"invocations": 1,
					"location": { "column": 2, "line": 751 },
					"numPassingAsserts": 1,
					"retryReasons": [],
					"startAt": 1766280760697,
					"status": "passed",
					"title": "should call onClearSelection when clear button is clicked"
				},
				{
					"ancestorTitles": ["SelectionInfo"],
					"duration": 1,
					"failing": false,
					"failureDetails": [],
					"failureMessages": [],
					"fullName": "SelectionInfo should return null when selectedCount is 0",
					"invocations": 1,
					"location": { "column": 2, "line": 763 },
					"numPassingAsserts": 1,
					"retryReasons": [],
					"startAt": 1766280760700,
					"status": "passed",
					"title": "should return null when selectedCount is 0"
				}
			],
			"endTime": 1766280760703,
			"message": "",
			"name": "D:\\applications\\sitemap\\src\\__tests__\\SelectableTree.test.tsx",
			"startTime": 1766280760135,
			"status": "passed",
			"summary": ""
		},
		{
			"assertionResults": [
				{
					"ancestorTitles": ["BasicTree", "rendering"],
					"duration": 6,
					"failing": false,
					"failureDetails": [],
					"failureMessages": [],
					"fullName": "BasicTree rendering should render a simple tree structure",
					"invocations": 1,
					"location": { "column": 3, "line": 96 },
					"numPassingAsserts": 3,
					"retryReasons": [],
					"startAt": 1766280761164,
					"status": "passed",
					"title": "should render a simple tree structure"
				},
				{
					"ancestorTitles": ["BasicTree", "rendering"],
					"duration": 1,
					"failing": false,
					"failureDetails": [],
					"failureMessages": [],
					"fullName": "BasicTree rendering should render an empty state when nodes array is empty",
					"invocations": 1,
					"location": { "column": 3, "line": 105 },
					"numPassingAsserts": 1,
					"retryReasons": [],
					"startAt": 1766280761176,
					"status": "passed",
					"title": "should render an empty state when nodes array is empty"
				},
				{
					"ancestorTitles": ["BasicTree", "rendering"],
					"duration": 4,
					"failing": false,
					"failureDetails": [],
					"failureMessages": [],
					"fullName": "BasicTree rendering should render multiple root nodes",
					"invocations": 1,
					"location": { "column": 3, "line": 111 },
					"numPassingAsserts": 4,
					"retryReasons": [],
					"startAt": 1766280761177,
					"status": "passed",
					"title": "should render multiple root nodes"
				},
				{
					"ancestorTitles": ["BasicTree", "rendering"],
					"duration": 5,
					"failing": false,
					"failureDetails": [],
					"failureMessages": [],
					"fullName": "BasicTree rendering should render deeply nested nodes",
					"invocations": 1,
					"location": { "column": 3, "line": 121 },
					"numPassingAsserts": 5,
					"retryReasons": [],
					"startAt": 1766280761181,
[...]
					"retryReasons": [],
					"startAt": 1766280763531,
					"status": "passed",
					"title": "should create detailed depth jump error"
				},
				{
					"ancestorTitles": ["Error Creation Helpers", "createEmptyLabelError"],
					"duration": 0,
					"failing": false,
					"failureDetails": [],
					"failureMessages": [],
					"fullName": "Error Creation Helpers createEmptyLabelError should create error for completely empty line",
					"invocations": 1,
					"location": { "column": 3, "line": 153 },
					"numPassingAsserts": 2,
					"retryReasons": [],
					"startAt": 1766280763532,
					"status": "passed",
					"title": "should create error for completely empty line"
				},
				{
					"ancestorTitles": ["Error Creation Helpers", "createEmptyLabelError"],
					"duration": 0,
					"failing": false,
					"failureDetails": [],
					"failureMessages": [],
					"fullName": "Error Creation Helpers createEmptyLabelError should create error for line with only tree characters",
					"invocations": 1,
					"location": { "column": 3, "line": 160 },
					"numPassingAsserts": 2,
					"retryReasons": [],
					"startAt": 1766280763532,
					"status": "passed",
					"title": "should create error for line with only tree characters"
				},
				{
					"ancestorTitles": ["Error Creation Helpers", "createMixedIndentationError"],
					"duration": 0,
					"failing": false,
					"failureDetails": [],
					"failureMessages": [],
					"fullName": "Error Creation Helpers createMixedIndentationError should create warning for mixed tabs and spaces",
					"invocations": 1,
					"location": { "column": 3, "line": 169 },
					"numPassingAsserts": 3,
					"retryReasons": [],
					"startAt": 1766280763533,
					"status": "passed",
					"title": "should create warning for mixed tabs and spaces"
				},
				{
					"ancestorTitles": ["Error Creation Helpers", "createDuplicateSiblingWarning"],
					"duration": 0,
					"failing": false,
					"failureDetails": [],
					"failureMessages": [],
					"fullName": "Error Creation Helpers createDuplicateSiblingWarning should create warning for duplicate siblings",
					"invocations": 1,
					"location": { "column": 3, "line": 179 },
					"numPassingAsserts": 4,
					"retryReasons": [],
					"startAt": 1766280763533,
					"status": "passed",
					"title": "should create warning for duplicate siblings"
				},
				{
					"ancestorTitles": ["Error Detection", "detectMixedIndentation"],
					"duration": 0,
					"failing": false,
					"failureDetails": [],
					"failureMessages": [],
					"fullName": "Error Detection detectMixedIndentation should detect mixed tabs and spaces in same line",
					"invocations": 1,
					"location": { "column": 3, "line": 192 },
					"numPassingAsserts": 2,
					"retryReasons": [],
					"startAt": 1766280763534,
					"status": "passed",
					"title": "should detect mixed tabs and spaces in same line"
				},
				{
					"ancestorTitles": ["Error Detection", "detectMixedIndentation"],
					"duration": 0,
					"failing": false,
					"failureDetails": [],
					"failureMessages": [],
					"fullName": "Error Detection detectMixedIndentation should detect mixed indentation across document",
					"invocations": 1,
					"location": { "column": 3, "line": 200 },
					"numPassingAsserts": 2,
					"retryReasons": [],
					"startAt": 1766280763534,
					"status": "passed",
					"title": "should detect mixed indentation across document"
				},
				{
					"ancestorTitles": ["Error Detection", "detectMixedIndentation"],
					"duration": 0,
					"failing": false,
					"failureDetails": [],
					"failureMessages": [],
					"fullName": "Error Detection detectMixedIndentation should not flag consistent space indentation",
					"invocations": 1,
					"location": { "column": 3, "line": 208 },
					"numPassingAsserts": 1,
					"retryReasons": [],
					"startAt": 1766280763535,
					"status": "passed",
					"title": "should not flag consistent space indentation"
				},
				{
					"ancestorTitles": ["Error Detection", "detectMixedIndentation"],
					"duration": 0,
					"failing": false,
					"failureDetails": [],
					"failureMessages": [],
					"fullName": "Error Detection detectMixedIndentation should not flag consistent tab indentation",
					"invocations": 1,
					"location": { "column": 3, "line": 215 },
					"numPassingAsserts": 1,
					"retryReasons": [],
					"startAt": 1766280763536,
					"status": "passed",
					"title": "should not flag consistent tab indentation"
				},
				{
					"ancestorTitles": ["Error Detection", "detectMalformedTreeChars"],
					"duration": 1,
					"failing": false,
					"failureDetails": [],
					"failureMessages": [],
					"fullName": "Error Detection detectMalformedTreeChars should detect incomplete branch markers",
					"invocations": 1,
					"location": { "column": 3, "line": 224 },
					"numPassingAsserts": 3,
					"retryReasons": [],
					"startAt": 1766280763536,
					"status": "passed",
					"title": "should detect incomplete branch markers"
				},
				{
					"ancestorTitles": ["Error Detection", "detectMalformedTreeChars"],
					"duration": 0,
					"failing": false,
					"failureDetails": [],
					"failureMessages": [],
					"fullName": "Error Detection detectMalformedTreeChars should detect missing space after branch marker",
					"invocations": 1,
					"location": { "column": 3, "line": 233 },
					"numPassingAsserts": 2,
					"retryReasons": [],
					"startAt": 1766280763537,
					"status": "passed",
					"title": "should detect missing space after branch marker"
				},
				{
					"ancestorTitles": ["Error Detection", "detectMalformedTreeChars"],
					"duration": 0,
					"failing": false,
					"failureDetails": [],
					"failureMessages": [],
					"fullName": "Error Detection detectMalformedTreeChars should detect branch marker without label",
					"invocations": 1,
					"location": { "column": 3, "line": 241 },
					"numPassingAsserts": 2,
					"retryReasons": [],
					"startAt": 1766280763538,
					"status": "passed",
					"title": "should detect branch marker without label"
				},
				{
					"ancestorTitles": ["Error Detection", "detectMalformedTreeChars"],
					"duration": 0,
					"failing": false,
					"failureDetails": [],
					"failureMessages": [],
					"fullName": "Error Detection detectMalformedTreeChars should not flag valid tree structure",
					"invocations": 1,
					"location": { "column": 3, "line": 249 },
					"numPassingAsserts": 1,
					"retryReasons": [],
					"startAt": 1766280763538,
					"status": "passed",
					"title": "should not flag valid tree structure"
				},
				{
					"ancestorTitles": ["Error Detection", "detectOrphanedBranches"],
					"duration": 1,
					"failing": false,
					"failureDetails": [],
					"failureMessages": [],
					"fullName": "Error Detection detectOrphanedBranches should detect branch marker at start of file",
					"invocations": 1,
					"location": { "column": 3, "line": 258 },
					"numPassingAsserts": 2,
					"retryReasons": [],
					"startAt": 1766280763538,
					"status": "passed",
					"title": "should detect branch marker at start of file"
				},
				{
					"ancestorTitles": ["Error Detection", "detectOrphanedBranches"],
					"duration": 0,
					"failing": false,
					"failureDetails": [],
					"failureMessages": [],
					"fullName": "Error Detection detectOrphanedBranches should not flag branch after root node",
					"invocations": 1,
					"location": { "column": 3, "line": 266 },
					"numPassingAsserts": 1,
					"retryReasons": [],
					"startAt": 1766280763539,
					"status": "passed",
					"title": "should not flag branch after root node"
				},
				{
					"ancestorTitles": ["parseTreeText Error Handling", "depth jump errors"],
					"duration": 1,
					"failing": false,
					"failureDetails": [],
					"failureMessages": [],
					"fullName": "parseTreeText Error Handling depth jump errors should detect and report depth jumps with suggestions",
					"invocations": 1,
					"location": { "column": 3, "line": 277 },
					"numPassingAsserts": 6,
					"retryReasons": [],
					"startAt": 1766280763539,
					"status": "passed",
					"title": "should detect and report depth jumps with suggestions"
				},
				{
					"ancestorTitles": ["parseTreeText Error Handling", "depth jump errors"],
					"duration": 0,
					"failing": false,
					"failureDetails": [],
					"failureMessages": [],
					"fullName": "parseTreeText Error Handling depth jump errors should still return parsed nodes with depth errors",
					"invocations": 1,
					"location": { "column": 3, "line": 291 },
					"numPassingAsserts": 1,
					"retryReasons": [],
					"startAt": 1766280763540,
					"status": "passed",
					"title": "should still return parsed nodes with depth errors"
				},
				{
					"ancestorTitles": ["parseTreeText Error Handling", "empty label errors"],
					"duration": 1,
					"failing": false,
					"failureDetails": [],
					"failureMessages": [],
					"fullName": "parseTreeText Error Handling empty label errors should report empty label errors when skipEmptyLines is false",
					"invocations": 1,
					"location": { "column": 3, "line": 302 },
					"numPassingAsserts": 2,
					"retryReasons": [],
					"startAt": 1766280763540,
					"status": "passed",
					"title": "should report empty label errors when skipEmptyLines is false"
				},
				{
					"ancestorTitles": [
						"parseTreeText Error Handling",
						"duplicate sibling warnings"
					],
					"duration": 0,
					"failing": false,
					"failureDetails": [],
					"failureMessages": [],
					"fullName": "parseTreeText Error Handling duplicate sibling warnings should warn about duplicate sibling names",
					"invocations": 1,
					"location": { "column": 3, "line": 314 },
					"numPassingAsserts": 1,
					"retryReasons": [],
					"startAt": 1766280763541,
					"status": "passed",
					"title": "should warn about duplicate sibling names"
				},
				{
					"ancestorTitles": [
						"parseTreeText Error Handling",
						"duplicate sibling warnings"
					],
					"duration": 1,
					"failing": false,
					"failureDetails": [],
					"failureMessages": [],
					"fullName": "parseTreeText Error Handling duplicate sibling warnings should allow same name at different levels",
					"invocations": 1,
					"location": { "column": 3, "line": 327 },
					"numPassingAsserts": 1,
					"retryReasons": [],
					"startAt": 1766280763541,
					"status": "passed",
					"title": "should allow same name at different levels"
				},
				{
					"ancestorTitles": ["validateTreeInput"],
					"duration": 0,
					"failing": false,
					"failureDetails": [],
					"failureMessages": [],
					"fullName": "validateTreeInput should return valid for correct input",
					"invocations": 1,
					"location": { "column": 2, "line": 343 },
					"numPassingAsserts": 2,
					"retryReasons": [],
					"startAt": 1766280763542,
					"status": "passed",
					"title": "should return valid for correct input"
				},
				{
					"ancestorTitles": ["validateTreeInput"],
					"duration": 0,
					"failing": false,
					"failureDetails": [],
					"failureMessages": [],
					"fullName": "validateTreeInput should detect orphaned branches",
					"invocations": 1,
					"location": { "column": 2, "line": 354 },
					"numPassingAsserts": 2,
					"retryReasons": [],
					"startAt": 1766280763542,
					"status": "passed",
					"title": "should detect orphaned branches"
				},
				{
					"ancestorTitles": ["validateTreeInput"],
					"duration": 0,
					"failing": false,
					"failureDetails": [],
					"failureMessages": [],
					"fullName": "validateTreeInput should separate errors and warnings",
					"invocations": 1,
					"location": { "column": 2, "line": 362 },
					"numPassingAsserts": 3,
					"retryReasons": [],
					"startAt": 1766280763543,
					"status": "passed",
					"title": "should separate errors and warnings"
				},
				{
					"ancestorTitles": ["parseTreeTextWithValidation"],
					"duration": 0,
					"failing": false,
					"failureDetails": [],
					"failureMessages": [],
					"fullName": "parseTreeTextWithValidation should combine pre-validation and parsing errors",
					"invocations": 1,
					"location": { "column": 2, "line": 375 },
					"numPassingAsserts": 2,
					"retryReasons": [],
					"startAt": 1766280763543,
					"status": "passed",
					"title": "should combine pre-validation and parsing errors"
				},
				{
					"ancestorTitles": ["parseTreeTextWithValidation"],
					"duration": 0,
					"failing": false,
					"failureDetails": [],
					"failureMessages": [],
					"fullName": "parseTreeTextWithValidation should avoid duplicate errors",
					"invocations": 1,
					"location": { "column": 2, "line": 384 },
					"numPassingAsserts": 1,
					"retryReasons": [],
					"startAt": 1766280763544,
					"status": "passed",
					"title": "should avoid duplicate errors"
				},
				{
					"ancestorTitles": ["parseTreeTextWithValidation"],
					"duration": 0,
					"failing": false,
					"failureDetails": [],
					"failureMessages": [],
					"fullName": "parseTreeTextWithValidation should provide warnings separately",
					"invocations": 1,
					"location": { "column": 2, "line": 397 },
					"numPassingAsserts": 2,
					"retryReasons": [],
					"startAt": 1766280763544,
					"status": "passed",
					"title": "should provide warnings separately"
				},
				{
					"ancestorTitles": ["parseTreeTextWithValidation"],
					"duration": 0,
					"failing": false,
					"failureDetails": [],
					"failureMessages": [],
					"fullName": "parseTreeTextWithValidation should include suggestions for all errors",
					"invocations": 1,
					"location": { "column": 2, "line": 408 },
					"numPassingAsserts": 1,
					"retryReasons": [],
					"startAt": 1766280763544,
					"status": "passed",
					"title": "should include suggestions for all errors"
				},
				{
					"ancestorTitles": ["Error Formatting", "formatError"],
					"duration": 0,
					"failing": false,
					"failureDetails": [],
					"failureMessages": [],
					"fullName": "Error Formatting formatError should format error with all fields",
					"invocations": 1,
					"location": { "column": 3, "line": 420 },
					"numPassingAsserts": 8,
					"retryReasons": [],
					"startAt": 1766280763545,
					"status": "passed",
					"title": "should format error with all fields"
				},
				{
					"ancestorTitles": ["Error Formatting", "formatError"],
					"duration": 0,
					"failing": false,
					"failureDetails": [],
					"failureMessages": [],
					"fullName": "Error Formatting formatError should format warning differently",
					"invocations": 1,
					"location": { "column": 3, "line": 444 },
					"numPassingAsserts": 1,
					"retryReasons": [],
					"startAt": 1766280763545,
					"status": "passed",
					"title": "should format warning differently"
				},
				{
					"ancestorTitles": ["Error Formatting", "formatError"],
					"duration": 0,
					"failing": false,
					"failureDetails": [],
					"failureMessages": [],
					"fullName": "Error Formatting formatError should respect includeLineContent option",
					"invocations": 1,
					"location": { "column": 3, "line": 458 },
					"numPassingAsserts": 1,
					"retryReasons": [],
					"startAt": 1766280763546,
					"status": "passed",
					"title": "should respect includeLineContent option"
				},
				{
					"ancestorTitles": ["Error Formatting", "formatErrorReport"],
					"duration": 0,
					"failing": false,
					"failureDetails": [],
					"failureMessages": [],
					"fullName": "Error Formatting formatErrorReport should format multiple errors into a report",
					"invocations": 1,
					"location": { "column": 3, "line": 474 },
					"numPassingAsserts": 3,
					"retryReasons": [],
					"startAt": 1766280763546,
					"status": "passed",
					"title": "should format multiple errors into a report"
				},
				{
					"ancestorTitles": ["Error Formatting", "formatErrorReport"],
					"duration": 1,
					"failing": false,
					"failureDetails": [],
					"failureMessages": [],
					"fullName": "Error Formatting formatErrorReport should handle empty errors",
					"invocations": 1,
					"location": { "column": 3, "line": 499 },
					"numPassingAsserts": 1,
					"retryReasons": [],
					"startAt": 1766280763546,
					"status": "passed",
					"title": "should handle empty errors"
				},
				{
					"ancestorTitles": ["Error Formatting", "formatErrorReport"],
					"duration": 0,
					"failing": false,
					"failureDetails": [],
					"failureMessages": [],
					"fullName": "Error Formatting formatErrorReport should support ungrouped mode",
					"invocations": 1,
					"location": { "column": 3, "line": 505 },
					"numPassingAsserts": 2,
					"retryReasons": [],
					"startAt": 1766280763547,
					"status": "passed",
					"title": "should support ungrouped mode"
				},
				{
					"ancestorTitles": ["Error Formatting", "getErrorStats"],
					"duration": 1,
					"failing": false,
					"failureDetails": [],
					"failureMessages": [],
					"fullName": "Error Formatting getErrorStats should calculate error statistics",
					"invocations": 1,
					"location": { "column": 3, "line": 531 },
					"numPassingAsserts": 5,
					"retryReasons": [],
					"startAt": 1766280763547,
					"status": "passed",
					"title": "should calculate error statistics"
				},
				{
					"ancestorTitles": ["Error Formatting", "getErrorStats"],
					"duration": 0,
					"failing": false,
					"failureDetails": [],
					"failureMessages": [],
					"fullName": "Error Formatting getErrorStats should handle empty errors",
					"invocations": 1,
					"location": { "column": 3, "line": 565 },
					"numPassingAsserts": 3,
					"retryReasons": [],
					"startAt": 1766280763548,
					"status": "passed",
					"title": "should handle empty errors"
				},
				{
					"ancestorTitles": ["Real-world Error Scenarios"],
					"duration": 0,
					"failing": false,
					"failureDetails": [],
					"failureMessages": [],
					"fullName": "Real-world Error Scenarios should handle complex invalid tree with multiple issues",
					"invocations": 1,
					"location": { "column": 2, "line": 576 },
					"numPassingAsserts": 2,
					"retryReasons": [],
					"startAt": 1766280763548,
					"status": "passed",
					"title": "should handle complex invalid tree with multiple issues"
				},
				{
					"ancestorTitles": ["Real-world Error Scenarios"],
					"duration": 0,
					"failing": false,
					"failureDetails": [],
					"failureMessages": [],
					"fullName": "Real-world Error Scenarios should provide helpful suggestions for common mistakes",
					"invocations": 1,
					"location": { "column": 2, "line": 592 },
					"numPassingAsserts": 4,
					"retryReasons": [],
					"startAt": 1766280763549,
					"status": "passed",
					"title": "should provide helpful suggestions for common mistakes"
				},
				{
					"ancestorTitles": ["Real-world Error Scenarios"],
					"duration": 0,
					"failing": false,
					"failureDetails": [],
					"failureMessages": [],
					"fullName": "Real-world Error Scenarios should handle incomplete tree markers gracefully",
					"invocations": 1,
					"location": { "column": 2, "line": 606 },
					"numPassingAsserts": 2,
					"retryReasons": [],
					"startAt": 1766280763549,
					"status": "passed",
					"title": "should handle incomplete tree markers gracefully"
				},
				{
					"ancestorTitles": ["Real-world Error Scenarios"],
					"duration": 0,
					"failing": false,
					"failureDetails": [],
					"failureMessages": [],
					"fullName": "Real-world Error Scenarios should detect and suggest fixes for mixed indentation",
					"invocations": 1,
					"location": { "column": 2, "line": 617 },
					"numPassingAsserts": 2,
					"retryReasons": [],
					"startAt": 1766280763550,
					"status": "passed",
					"title": "should detect and suggest fixes for mixed indentation"
				}
			],
			"endTime": 1766280763551,
			"message": "",
			"name": "D:\\applications\\sitemap\\src\\__tests__\\parserErrors.test.ts",
			"startTime": 1766280763405,
			"status": "passed",
			"summary": ""
		}
	],
	"wasInterrupted": false
}
